2022-06-20 15:49:19 [http-nio-8082-exec-7] DEBUG o.s.security.web.FilterChainProxy :: Securing GET /images/favicon.ico
2022-06-20 15:49:19 [http-nio-8082-exec-7] DEBUG o.s.s.w.c.HttpSessionSecurityContextRepository :: Retrieved SecurityContextImpl [Authentication=RememberMeAuthenticationToken [Principal=yehor.epam.cinema_final_project_spring.security.CustomUserDetails@21b396b5, Credentials=[PROTECTED], Authenticated=true, Details=WebAuthenticationDetails [RemoteIpAddress=0:0:0:0:0:0:0:1, SessionId=null], Granted Authorities=[ROLE_ADMIN]]]
2022-06-20 15:49:19 [http-nio-8082-exec-7] DEBUG o.s.s.w.c.SecurityContextPersistenceFilter :: Set SecurityContextHolder to SecurityContextImpl [Authentication=RememberMeAuthenticationToken [Principal=yehor.epam.cinema_final_project_spring.security.CustomUserDetails@21b396b5, Credentials=[PROTECTED], Authenticated=true, Details=WebAuthenticationDetails [RemoteIpAddress=0:0:0:0:0:0:0:1, SessionId=null], Granted Authorities=[ROLE_ADMIN]]]
2022-06-20 15:49:19 [http-nio-8082-exec-7] DEBUG o.s.s.w.a.r.RememberMeAuthenticationFilter :: SecurityContextHolder not populated with remember-me token, as it already contained: 'RememberMeAuthenticationToken [Principal=yehor.epam.cinema_final_project_spring.security.CustomUserDetails@21b396b5, Credentials=[PROTECTED], Authenticated=true, Details=WebAuthenticationDetails [RemoteIpAddress=0:0:0:0:0:0:0:1, SessionId=null], Granted Authorities=[ROLE_ADMIN]]'
2022-06-20 15:49:19 [http-nio-8082-exec-7] DEBUG o.s.s.w.a.i.FilterSecurityInterceptor :: Authorized filter invocation [GET /images/favicon.ico] with attributes [permitAll]
2022-06-20 15:49:19 [http-nio-8082-exec-7] DEBUG o.s.security.web.FilterChainProxy :: Secured GET /images/favicon.ico
2022-06-20 15:49:19 [http-nio-8082-exec-7] DEBUG o.s.web.servlet.DispatcherServlet :: GET "/images/favicon.ico", parameters={}
2022-06-20 15:49:19 [http-nio-8082-exec-7] DEBUG o.s.w.s.h.SimpleUrlHandlerMapping :: Mapped to ResourceHttpRequestHandler [classpath [META-INF/resources/], classpath [resources/], classpath [static/], classpath [public/], ServletContext [/]]
2022-06-20 15:49:19 [http-nio-8082-exec-7] DEBUG o.s.o.j.s.OpenEntityManagerInViewInterceptor :: Opening JPA EntityManager in OpenEntityManagerInViewInterceptor
2022-06-20 15:49:19 [http-nio-8082-exec-7] DEBUG o.s.o.j.s.OpenEntityManagerInViewInterceptor :: Closing JPA EntityManager in OpenEntityManagerInViewInterceptor
2022-06-20 15:49:19 [http-nio-8082-exec-7] DEBUG o.s.web.servlet.DispatcherServlet :: Completed 200 OK
2022-06-20 15:49:19 [http-nio-8082-exec-7] DEBUG o.s.s.w.c.SecurityContextPersistenceFilter :: Cleared SecurityContextHolder to complete request
2022-06-20 15:49:37 [http-nio-8082-exec-4] DEBUG o.s.security.web.FilterChainProxy :: Securing POST /admins/sessions
2022-06-20 15:49:37 [http-nio-8082-exec-4] DEBUG o.s.s.w.c.HttpSessionSecurityContextRepository :: Retrieved SecurityContextImpl [Authentication=RememberMeAuthenticationToken [Principal=yehor.epam.cinema_final_project_spring.security.CustomUserDetails@21b396b5, Credentials=[PROTECTED], Authenticated=true, Details=WebAuthenticationDetails [RemoteIpAddress=0:0:0:0:0:0:0:1, SessionId=null], Granted Authorities=[ROLE_ADMIN]]]
2022-06-20 15:49:37 [http-nio-8082-exec-4] DEBUG o.s.s.w.c.SecurityContextPersistenceFilter :: Set SecurityContextHolder to SecurityContextImpl [Authentication=RememberMeAuthenticationToken [Principal=yehor.epam.cinema_final_project_spring.security.CustomUserDetails@21b396b5, Credentials=[PROTECTED], Authenticated=true, Details=WebAuthenticationDetails [RemoteIpAddress=0:0:0:0:0:0:0:1, SessionId=null], Granted Authorities=[ROLE_ADMIN]]]
2022-06-20 15:49:37 [http-nio-8082-exec-4] DEBUG o.s.s.w.a.r.RememberMeAuthenticationFilter :: SecurityContextHolder not populated with remember-me token, as it already contained: 'RememberMeAuthenticationToken [Principal=yehor.epam.cinema_final_project_spring.security.CustomUserDetails@21b396b5, Credentials=[PROTECTED], Authenticated=true, Details=WebAuthenticationDetails [RemoteIpAddress=0:0:0:0:0:0:0:1, SessionId=null], Granted Authorities=[ROLE_ADMIN]]'
2022-06-20 15:49:37 [http-nio-8082-exec-4] DEBUG o.s.s.w.a.i.FilterSecurityInterceptor :: Authorized filter invocation [POST /admins/sessions] with attributes [hasRole('ROLE_ADMIN')]
2022-06-20 15:49:37 [http-nio-8082-exec-4] DEBUG o.s.security.web.FilterChainProxy :: Secured POST /admins/sessions
2022-06-20 15:49:37 [http-nio-8082-exec-4] DEBUG o.s.web.servlet.DispatcherServlet :: POST "/admins/sessions", parameters={masked}
2022-06-20 15:49:37 [http-nio-8082-exec-4] DEBUG o.s.w.s.m.m.a.RequestMappingHandlerMapping :: Mapped to yehor.epam.cinema_final_project_spring.controllers.admin.AdminSessionController#createSession(SessionDTO, BindingResult, Model)
2022-06-20 15:49:37 [http-nio-8082-exec-4] DEBUG o.s.o.j.s.OpenEntityManagerInViewInterceptor :: Opening JPA EntityManager in OpenEntityManagerInViewInterceptor
2022-06-20 15:49:37 [http-nio-8082-exec-4] DEBUG y.e.c.u.c.StringToFilmConverter :: Source in StringToFilmConverter = 10
2022-06-20 15:49:37 [http-nio-8082-exec-4] DEBUG o.h.v.r.PlatformResourceBundleLocator :: ContributorValidationMessages not found.
2022-06-20 15:49:37 [http-nio-8082-exec-4] DEBUG o.h.v.r.PlatformResourceBundleLocator :: org.hibernate.validator.ValidationMessages found.
2022-06-20 15:49:37 [http-nio-8082-exec-4] DEBUG o.h.v.r.PlatformResourceBundleLocator :: ContributorValidationMessages not found.
2022-06-20 15:49:37 [http-nio-8082-exec-4] DEBUG o.h.v.r.PlatformResourceBundleLocator :: org.hibernate.validator.ValidationMessages found.
2022-06-20 15:49:37 [http-nio-8082-exec-4] DEBUG o.h.v.r.PlatformResourceBundleLocator :: ContributorValidationMessages not found.
2022-06-20 15:49:37 [http-nio-8082-exec-4] DEBUG o.h.v.r.PlatformResourceBundleLocator :: org.hibernate.validator.ValidationMessages found.
2022-06-20 15:49:37 [http-nio-8082-exec-4] DEBUG y.e.c.c.admin.AdminSessionController :: Received session: SessionDTO(id=null, ticketPrice=0, date=2022-06-19, time=11:49, film=FilmDTO(id=10, name=null, description=null, duration=null, genreList=null, posterUrl=null), seatList=null)
2022-06-20 15:49:37 [http-nio-8082-exec-4] DEBUG o.s.orm.jpa.JpaTransactionManager :: Found thread-bound EntityManager [SessionImpl(1341029464<open>)] for JPA transaction
2022-06-20 15:49:37 [http-nio-8082-exec-4] DEBUG o.s.orm.jpa.JpaTransactionManager :: Creating new transaction with name [org.springframework.data.jpa.repository.support.SimpleJpaRepository.findAll]: PROPAGATION_REQUIRED,ISOLATION_DEFAULT,readOnly
2022-06-20 15:49:37 [http-nio-8082-exec-4] DEBUG o.s.jdbc.datasource.DataSourceUtils :: Setting JDBC Connection [HikariProxyConnection@724665908 wrapping com.mysql.cj.jdbc.ConnectionImpl@7a62d697] read-only
2022-06-20 15:49:37 [http-nio-8082-exec-4] DEBUG o.h.e.t.internal.TransactionImpl :: On TransactionImpl creation, JpaCompliance#isJpaTransactionComplianceEnabled == false
2022-06-20 15:49:37 [http-nio-8082-exec-4] DEBUG o.h.e.t.internal.TransactionImpl :: begin
2022-06-20 15:49:37 [http-nio-8082-exec-4] DEBUG o.s.orm.jpa.JpaTransactionManager :: Exposing JPA transaction as JDBC [org.springframework.orm.jpa.vendor.HibernateJpaDialect$HibernateConnectionHandle@5b03e57a]
2022-06-20 15:49:37 [http-nio-8082-exec-4] DEBUG o.h.q.c.internal.CriteriaQueryImpl :: Rendered criteria query -> select generatedAlias0 from Film as generatedAlias0
2022-06-20 15:49:37 [http-nio-8082-exec-4] DEBUG org.hibernate.SQL :: select film0_.id as id1_1_, film0_.description as descript2_1_, film0_.duration as duration3_1_, film0_.name as name4_1_, film0_.poster_url as poster_u5_1_ from films film0_
2022-06-20 15:49:37 [http-nio-8082-exec-4] DEBUG org.hibernate.loader.Loader :: Result set row: 0
2022-06-20 15:49:37 [http-nio-8082-exec-4] DEBUG org.hibernate.loader.Loader :: Result row: EntityKey[yehor.epam.cinema_final_project_spring.entities.Film#1]
2022-06-20 15:49:37 [http-nio-8082-exec-4] DEBUG org.hibernate.loader.Loader :: Result set row: 1
2022-06-20 15:49:37 [http-nio-8082-exec-4] DEBUG org.hibernate.loader.Loader :: Result row: EntityKey[yehor.epam.cinema_final_project_spring.entities.Film#2]
2022-06-20 15:49:37 [http-nio-8082-exec-4] DEBUG org.hibernate.loader.Loader :: Result set row: 2
2022-06-20 15:49:37 [http-nio-8082-exec-4] DEBUG org.hibernate.loader.Loader :: Result row: EntityKey[yehor.epam.cinema_final_project_spring.entities.Film#3]
2022-06-20 15:49:37 [http-nio-8082-exec-4] DEBUG org.hibernate.loader.Loader :: Result set row: 3
2022-06-20 15:49:37 [http-nio-8082-exec-4] DEBUG org.hibernate.loader.Loader :: Result row: EntityKey[yehor.epam.cinema_final_project_spring.entities.Film#4]
2022-06-20 15:49:37 [http-nio-8082-exec-4] DEBUG org.hibernate.loader.Loader :: Result set row: 4
2022-06-20 15:49:37 [http-nio-8082-exec-4] DEBUG org.hibernate.loader.Loader :: Result row: EntityKey[yehor.epam.cinema_final_project_spring.entities.Film#10]
2022-06-20 15:49:37 [http-nio-8082-exec-4] DEBUG o.h.engine.internal.TwoPhaseLoad :: Resolving attributes for [yehor.epam.cinema_final_project_spring.entities.Film#1]
2022-06-20 15:49:37 [http-nio-8082-exec-4] DEBUG o.h.engine.internal.TwoPhaseLoad :: Processing attribute `description` : value = 123
2022-06-20 15:49:37 [http-nio-8082-exec-4] DEBUG o.h.engine.internal.TwoPhaseLoad :: Attribute (`description`)  - enhanced for lazy-loading? - false
2022-06-20 15:49:37 [http-nio-8082-exec-4] DEBUG o.h.engine.internal.TwoPhaseLoad :: Processing attribute `duration` : value = PT0.000000123S
2022-06-20 15:49:37 [http-nio-8082-exec-4] DEBUG o.h.engine.internal.TwoPhaseLoad :: Attribute (`duration`)  - enhanced for lazy-loading? - false
2022-06-20 15:49:37 [http-nio-8082-exec-4] DEBUG o.h.engine.internal.TwoPhaseLoad :: Processing attribute `genreList` : value = NOT NULL COLLECTION
2022-06-20 15:49:37 [http-nio-8082-exec-4] DEBUG o.h.engine.internal.TwoPhaseLoad :: Attribute (`genreList`)  - enhanced for lazy-loading? - false
2022-06-20 15:49:37 [http-nio-8082-exec-4] DEBUG o.h.engine.internal.TwoPhaseLoad :: Processing attribute `name` : value = test1
2022-06-20 15:49:37 [http-nio-8082-exec-4] DEBUG o.h.engine.internal.TwoPhaseLoad :: Attribute (`name`)  - enhanced for lazy-loading? - false
2022-06-20 15:49:37 [http-nio-8082-exec-4] DEBUG o.h.engine.internal.TwoPhaseLoad :: Processing attribute `posterUrl` : value = https://kinoafisha.ua/upload/2019/07/films/8906/20fejso5ejik-latte-i-magicseskii-kamen.jpg
2022-06-20 15:49:37 [http-nio-8082-exec-4] DEBUG o.h.engine.internal.TwoPhaseLoad :: Attribute (`posterUrl`)  - enhanced for lazy-loading? - false
2022-06-20 15:49:37 [http-nio-8082-exec-4] DEBUG o.h.engine.internal.TwoPhaseLoad :: Done materializing entity [yehor.epam.cinema_final_project_spring.entities.Film#1]
2022-06-20 15:49:37 [http-nio-8082-exec-4] DEBUG o.h.engine.internal.TwoPhaseLoad :: Resolving attributes for [yehor.epam.cinema_final_project_spring.entities.Film#2]
2022-06-20 15:49:37 [http-nio-8082-exec-4] DEBUG o.h.engine.internal.TwoPhaseLoad :: Processing attribute `description` : value = 123
2022-06-20 15:49:37 [http-nio-8082-exec-4] DEBUG o.h.engine.internal.TwoPhaseLoad :: Attribute (`description`)  - enhanced for lazy-loading? - false
2022-06-20 15:49:37 [http-nio-8082-exec-4] DEBUG o.h.engine.internal.TwoPhaseLoad :: Processing attribute `duration` : value = PT0.000000123S
2022-06-20 15:49:37 [http-nio-8082-exec-4] DEBUG o.h.engine.internal.TwoPhaseLoad :: Attribute (`duration`)  - enhanced for lazy-loading? - false
2022-06-20 15:49:37 [http-nio-8082-exec-4] DEBUG o.h.engine.internal.TwoPhaseLoad :: Processing attribute `genreList` : value = NOT NULL COLLECTION
2022-06-20 15:49:37 [http-nio-8082-exec-4] DEBUG o.h.engine.internal.TwoPhaseLoad :: Attribute (`genreList`)  - enhanced for lazy-loading? - false
2022-06-20 15:49:37 [http-nio-8082-exec-4] DEBUG o.h.engine.internal.TwoPhaseLoad :: Processing attribute `name` : value = test2
2022-06-20 15:49:37 [http-nio-8082-exec-4] DEBUG o.h.engine.internal.TwoPhaseLoad :: Attribute (`name`)  - enhanced for lazy-loading? - false
2022-06-20 15:49:37 [http-nio-8082-exec-4] DEBUG o.h.engine.internal.TwoPhaseLoad :: Processing attribute `posterUrl` : value = https://kinoafisha.ua/upload/2019/07/films/8906/20fejso5ejik-latte-i-magicseskii-kamen.jpg
2022-06-20 15:49:37 [http-nio-8082-exec-4] DEBUG o.h.engine.internal.TwoPhaseLoad :: Attribute (`posterUrl`)  - enhanced for lazy-loading? - false
2022-06-20 15:49:37 [http-nio-8082-exec-4] DEBUG o.h.engine.internal.TwoPhaseLoad :: Done materializing entity [yehor.epam.cinema_final_project_spring.entities.Film#2]
2022-06-20 15:49:37 [http-nio-8082-exec-4] DEBUG o.h.engine.internal.TwoPhaseLoad :: Resolving attributes for [yehor.epam.cinema_final_project_spring.entities.Film#3]
2022-06-20 15:49:37 [http-nio-8082-exec-4] DEBUG o.h.engine.internal.TwoPhaseLoad :: Processing attribute `description` : value = 123
2022-06-20 15:49:37 [http-nio-8082-exec-4] DEBUG o.h.engine.internal.TwoPhaseLoad :: Attribute (`description`)  - enhanced for lazy-loading? - false
2022-06-20 15:49:37 [http-nio-8082-exec-4] DEBUG o.h.engine.internal.TwoPhaseLoad :: Processing attribute `duration` : value = PT0.000000123S
2022-06-20 15:49:37 [http-nio-8082-exec-4] DEBUG o.h.engine.internal.TwoPhaseLoad :: Attribute (`duration`)  - enhanced for lazy-loading? - false
2022-06-20 15:49:37 [http-nio-8082-exec-4] DEBUG o.h.engine.internal.TwoPhaseLoad :: Processing attribute `genreList` : value = NOT NULL COLLECTION
2022-06-20 15:49:37 [http-nio-8082-exec-4] DEBUG o.h.engine.internal.TwoPhaseLoad :: Attribute (`genreList`)  - enhanced for lazy-loading? - false
2022-06-20 15:49:37 [http-nio-8082-exec-4] DEBUG o.h.engine.internal.TwoPhaseLoad :: Processing attribute `name` : value = test3
2022-06-20 15:49:37 [http-nio-8082-exec-4] DEBUG o.h.engine.internal.TwoPhaseLoad :: Attribute (`name`)  - enhanced for lazy-loading? - false
2022-06-20 15:49:37 [http-nio-8082-exec-4] DEBUG o.h.engine.internal.TwoPhaseLoad :: Processing attribute `posterUrl` : value = https://kinoafisha.ua/upload/2019/07/films/8906/20fejso5ejik-latte-i-magicseskii-kamen.jpg
2022-06-20 15:49:37 [http-nio-8082-exec-4] DEBUG o.h.engine.internal.TwoPhaseLoad :: Attribute (`posterUrl`)  - enhanced for lazy-loading? - false
2022-06-20 15:49:37 [http-nio-8082-exec-4] DEBUG o.h.engine.internal.TwoPhaseLoad :: Done materializing entity [yehor.epam.cinema_final_project_spring.entities.Film#3]
2022-06-20 15:49:37 [http-nio-8082-exec-4] DEBUG o.h.engine.internal.TwoPhaseLoad :: Resolving attributes for [yehor.epam.cinema_final_project_spring.entities.Film#4]
2022-06-20 15:49:37 [http-nio-8082-exec-4] DEBUG o.h.engine.internal.TwoPhaseLoad :: Processing attribute `description` : value = 213
2022-06-20 15:49:37 [http-nio-8082-exec-4] DEBUG o.h.engine.internal.TwoPhaseLoad :: Attribute (`description`)  - enhanced for lazy-loading? - false
2022-06-20 15:49:37 [http-nio-8082-exec-4] DEBUG o.h.engine.internal.TwoPhaseLoad :: Processing attribute `duration` : value = PT0.000000123S
2022-06-20 15:49:37 [http-nio-8082-exec-4] DEBUG o.h.engine.internal.TwoPhaseLoad :: Attribute (`duration`)  - enhanced for lazy-loading? - false
2022-06-20 15:49:37 [http-nio-8082-exec-4] DEBUG o.h.engine.internal.TwoPhaseLoad :: Processing attribute `genreList` : value = NOT NULL COLLECTION
2022-06-20 15:49:37 [http-nio-8082-exec-4] DEBUG o.h.engine.internal.TwoPhaseLoad :: Attribute (`genreList`)  - enhanced for lazy-loading? - false
2022-06-20 15:49:37 [http-nio-8082-exec-4] DEBUG o.h.engine.internal.TwoPhaseLoad :: Processing attribute `name` : value = test4
2022-06-20 15:49:37 [http-nio-8082-exec-4] DEBUG o.h.engine.internal.TwoPhaseLoad :: Attribute (`name`)  - enhanced for lazy-loading? - false
2022-06-20 15:49:37 [http-nio-8082-exec-4] DEBUG o.h.engine.internal.TwoPhaseLoad :: Processing attribute `posterUrl` : value = https://kinoafisha.ua/upload/2019/07/films/8906/20fejso5ejik-latte-i-magicseskii-kamen.jpg
2022-06-20 15:49:37 [http-nio-8082-exec-4] DEBUG o.h.engine.internal.TwoPhaseLoad :: Attribute (`posterUrl`)  - enhanced for lazy-loading? - false
2022-06-20 15:49:37 [http-nio-8082-exec-4] DEBUG o.h.engine.internal.TwoPhaseLoad :: Done materializing entity [yehor.epam.cinema_final_project_spring.entities.Film#4]
2022-06-20 15:49:37 [http-nio-8082-exec-4] DEBUG o.h.engine.internal.TwoPhaseLoad :: Resolving attributes for [yehor.epam.cinema_final_project_spring.entities.Film#10]
2022-06-20 15:49:37 [http-nio-8082-exec-4] DEBUG o.h.engine.internal.TwoPhaseLoad :: Processing attribute `description` : value = dfgdfg
2022-06-20 15:49:37 [http-nio-8082-exec-4] DEBUG o.h.engine.internal.TwoPhaseLoad :: Attribute (`description`)  - enhanced for lazy-loading? - false
2022-06-20 15:49:37 [http-nio-8082-exec-4] DEBUG o.h.engine.internal.TwoPhaseLoad :: Processing attribute `duration` : value = PT2H3M
2022-06-20 15:49:37 [http-nio-8082-exec-4] DEBUG o.h.engine.internal.TwoPhaseLoad :: Attribute (`duration`)  - enhanced for lazy-loading? - false
2022-06-20 15:49:37 [http-nio-8082-exec-4] DEBUG o.h.engine.internal.TwoPhaseLoad :: Processing attribute `genreList` : value = NOT NULL COLLECTION
2022-06-20 15:49:37 [http-nio-8082-exec-4] DEBUG o.h.engine.internal.TwoPhaseLoad :: Attribute (`genreList`)  - enhanced for lazy-loading? - false
2022-06-20 15:49:37 [http-nio-8082-exec-4] DEBUG o.h.engine.internal.TwoPhaseLoad :: Processing attribute `name` : value = dgfd
2022-06-20 15:49:37 [http-nio-8082-exec-4] DEBUG o.h.engine.internal.TwoPhaseLoad :: Attribute (`name`)  - enhanced for lazy-loading? - false
2022-06-20 15:49:37 [http-nio-8082-exec-4] DEBUG o.h.engine.internal.TwoPhaseLoad :: Processing attribute `posterUrl` : value = https://multiplex.ua/images/65/08/6508733d6f59fe52b9d95db7b4f0cbe6.jpeg
2022-06-20 15:49:37 [http-nio-8082-exec-4] DEBUG o.h.engine.internal.TwoPhaseLoad :: Attribute (`posterUrl`)  - enhanced for lazy-loading? - false
2022-06-20 15:49:37 [http-nio-8082-exec-4] DEBUG o.h.engine.internal.TwoPhaseLoad :: Done materializing entity [yehor.epam.cinema_final_project_spring.entities.Film#10]
2022-06-20 15:49:37 [http-nio-8082-exec-4] DEBUG o.h.l.c.p.AbstractLoadPlanBasedCollectionInitializer :: Loading collection: [yehor.epam.cinema_final_project_spring.entities.Film.genreList#10]
2022-06-20 15:49:37 [http-nio-8082-exec-4] DEBUG org.hibernate.SQL :: select genrelist0_.film_id as film_id1_0_0_, genrelist0_.genre_id as genre_id2_0_0_, genre1_.id as id1_2_1_, genre1_.genre_name as genre_na2_2_1_ from film_genres genrelist0_ inner join genres genre1_ on genrelist0_.genre_id=genre1_.id where genrelist0_.film_id=?
2022-06-20 15:49:37 [http-nio-8082-exec-4] DEBUG o.h.l.p.e.p.i.ResultSetProcessorImpl :: Preparing collection initializer : [yehor.epam.cinema_final_project_spring.entities.Film.genreList#10]
2022-06-20 15:49:37 [http-nio-8082-exec-4] DEBUG o.h.l.p.e.p.i.CollectionReferenceInitializerImpl :: Found row of collection: [yehor.epam.cinema_final_project_spring.entities.Film.genreList#10]
2022-06-20 15:49:37 [http-nio-8082-exec-4] DEBUG o.h.l.p.e.p.i.CollectionReferenceInitializerImpl :: Found row of collection: [yehor.epam.cinema_final_project_spring.entities.Film.genreList#10]
2022-06-20 15:49:37 [http-nio-8082-exec-4] DEBUG o.h.l.p.e.p.i.CollectionReferenceInitializerImpl :: Found row of collection: [yehor.epam.cinema_final_project_spring.entities.Film.genreList#10]
2022-06-20 15:49:37 [http-nio-8082-exec-4] DEBUG o.h.engine.internal.TwoPhaseLoad :: Resolving attributes for [yehor.epam.cinema_final_project_spring.entities.Genre#2]
2022-06-20 15:49:37 [http-nio-8082-exec-4] DEBUG o.h.engine.internal.TwoPhaseLoad :: Processing attribute `name` : value = Романтика
2022-06-20 15:49:37 [http-nio-8082-exec-4] DEBUG o.h.engine.internal.TwoPhaseLoad :: Attribute (`name`)  - enhanced for lazy-loading? - false
2022-06-20 15:49:37 [http-nio-8082-exec-4] DEBUG o.h.engine.internal.TwoPhaseLoad :: Done materializing entity [yehor.epam.cinema_final_project_spring.entities.Genre#2]
2022-06-20 15:49:37 [http-nio-8082-exec-4] DEBUG o.h.engine.internal.TwoPhaseLoad :: Resolving attributes for [yehor.epam.cinema_final_project_spring.entities.Genre#3]
2022-06-20 15:49:37 [http-nio-8082-exec-4] DEBUG o.h.engine.internal.TwoPhaseLoad :: Processing attribute `name` : value = Драма
2022-06-20 15:49:37 [http-nio-8082-exec-4] DEBUG o.h.engine.internal.TwoPhaseLoad :: Attribute (`name`)  - enhanced for lazy-loading? - false
2022-06-20 15:49:37 [http-nio-8082-exec-4] DEBUG o.h.engine.internal.TwoPhaseLoad :: Done materializing entity [yehor.epam.cinema_final_project_spring.entities.Genre#3]
2022-06-20 15:49:37 [http-nio-8082-exec-4] DEBUG o.h.engine.internal.TwoPhaseLoad :: Resolving attributes for [yehor.epam.cinema_final_project_spring.entities.Genre#4]
2022-06-20 15:49:37 [http-nio-8082-exec-4] DEBUG o.h.engine.internal.TwoPhaseLoad :: Processing attribute `name` : value = Кримінал
2022-06-20 15:49:37 [http-nio-8082-exec-4] DEBUG o.h.engine.internal.TwoPhaseLoad :: Attribute (`name`)  - enhanced for lazy-loading? - false
2022-06-20 15:49:37 [http-nio-8082-exec-4] DEBUG o.h.engine.internal.TwoPhaseLoad :: Done materializing entity [yehor.epam.cinema_final_project_spring.entities.Genre#4]
2022-06-20 15:49:37 [http-nio-8082-exec-4] DEBUG o.h.e.l.i.CollectionLoadContext :: 1 collections were found in result set for role: yehor.epam.cinema_final_project_spring.entities.Film.genreList
2022-06-20 15:49:37 [http-nio-8082-exec-4] DEBUG o.h.e.l.i.CollectionLoadContext :: Collection fully initialized: [yehor.epam.cinema_final_project_spring.entities.Film.genreList#10]
2022-06-20 15:49:37 [http-nio-8082-exec-4] DEBUG o.h.e.l.i.CollectionLoadContext :: 1 collections initialized for role: yehor.epam.cinema_final_project_spring.entities.Film.genreList
2022-06-20 15:49:37 [http-nio-8082-exec-4] DEBUG o.h.l.c.p.AbstractLoadPlanBasedCollectionInitializer :: Done loading collection
2022-06-20 15:49:37 [http-nio-8082-exec-4] DEBUG o.h.l.c.p.AbstractLoadPlanBasedCollectionInitializer :: Loading collection: [yehor.epam.cinema_final_project_spring.entities.Film.genreList#4]
2022-06-20 15:49:37 [http-nio-8082-exec-4] DEBUG org.hibernate.SQL :: select genrelist0_.film_id as film_id1_0_0_, genrelist0_.genre_id as genre_id2_0_0_, genre1_.id as id1_2_1_, genre1_.genre_name as genre_na2_2_1_ from film_genres genrelist0_ inner join genres genre1_ on genrelist0_.genre_id=genre1_.id where genrelist0_.film_id=?
2022-06-20 15:49:37 [http-nio-8082-exec-4] DEBUG o.h.l.p.e.p.i.ResultSetProcessorImpl :: Preparing collection initializer : [yehor.epam.cinema_final_project_spring.entities.Film.genreList#4]
2022-06-20 15:49:37 [http-nio-8082-exec-4] DEBUG o.h.e.l.i.CollectionLoadContext :: 1 collections were found in result set for role: yehor.epam.cinema_final_project_spring.entities.Film.genreList
2022-06-20 15:49:37 [http-nio-8082-exec-4] DEBUG o.h.e.l.i.CollectionLoadContext :: Collection fully initialized: [yehor.epam.cinema_final_project_spring.entities.Film.genreList#4]
2022-06-20 15:49:37 [http-nio-8082-exec-4] DEBUG o.h.e.l.i.CollectionLoadContext :: 1 collections initialized for role: yehor.epam.cinema_final_project_spring.entities.Film.genreList
2022-06-20 15:49:37 [http-nio-8082-exec-4] DEBUG o.h.l.c.p.AbstractLoadPlanBasedCollectionInitializer :: Done loading collection
2022-06-20 15:49:37 [http-nio-8082-exec-4] DEBUG o.h.l.c.p.AbstractLoadPlanBasedCollectionInitializer :: Loading collection: [yehor.epam.cinema_final_project_spring.entities.Film.genreList#3]
2022-06-20 15:49:37 [http-nio-8082-exec-4] DEBUG org.hibernate.SQL :: select genrelist0_.film_id as film_id1_0_0_, genrelist0_.genre_id as genre_id2_0_0_, genre1_.id as id1_2_1_, genre1_.genre_name as genre_na2_2_1_ from film_genres genrelist0_ inner join genres genre1_ on genrelist0_.genre_id=genre1_.id where genrelist0_.film_id=?
2022-06-20 15:49:37 [http-nio-8082-exec-4] DEBUG o.h.l.p.e.p.i.ResultSetProcessorImpl :: Preparing collection initializer : [yehor.epam.cinema_final_project_spring.entities.Film.genreList#3]
2022-06-20 15:49:37 [http-nio-8082-exec-4] DEBUG o.h.e.l.i.CollectionLoadContext :: 1 collections were found in result set for role: yehor.epam.cinema_final_project_spring.entities.Film.genreList
2022-06-20 15:49:37 [http-nio-8082-exec-4] DEBUG o.h.e.l.i.CollectionLoadContext :: Collection fully initialized: [yehor.epam.cinema_final_project_spring.entities.Film.genreList#3]
2022-06-20 15:49:37 [http-nio-8082-exec-4] DEBUG o.h.e.l.i.CollectionLoadContext :: 1 collections initialized for role: yehor.epam.cinema_final_project_spring.entities.Film.genreList
2022-06-20 15:49:37 [http-nio-8082-exec-4] DEBUG o.h.l.c.p.AbstractLoadPlanBasedCollectionInitializer :: Done loading collection
2022-06-20 15:49:37 [http-nio-8082-exec-4] DEBUG o.h.l.c.p.AbstractLoadPlanBasedCollectionInitializer :: Loading collection: [yehor.epam.cinema_final_project_spring.entities.Film.genreList#2]
2022-06-20 15:49:37 [http-nio-8082-exec-4] DEBUG org.hibernate.SQL :: select genrelist0_.film_id as film_id1_0_0_, genrelist0_.genre_id as genre_id2_0_0_, genre1_.id as id1_2_1_, genre1_.genre_name as genre_na2_2_1_ from film_genres genrelist0_ inner join genres genre1_ on genrelist0_.genre_id=genre1_.id where genrelist0_.film_id=?
2022-06-20 15:49:37 [http-nio-8082-exec-4] DEBUG o.h.l.p.e.p.i.ResultSetProcessorImpl :: Preparing collection initializer : [yehor.epam.cinema_final_project_spring.entities.Film.genreList#2]
2022-06-20 15:49:37 [http-nio-8082-exec-4] DEBUG o.h.e.l.i.CollectionLoadContext :: 1 collections were found in result set for role: yehor.epam.cinema_final_project_spring.entities.Film.genreList
2022-06-20 15:49:37 [http-nio-8082-exec-4] DEBUG o.h.e.l.i.CollectionLoadContext :: Collection fully initialized: [yehor.epam.cinema_final_project_spring.entities.Film.genreList#2]
2022-06-20 15:49:37 [http-nio-8082-exec-4] DEBUG o.h.e.l.i.CollectionLoadContext :: 1 collections initialized for role: yehor.epam.cinema_final_project_spring.entities.Film.genreList
2022-06-20 15:49:37 [http-nio-8082-exec-4] DEBUG o.h.l.c.p.AbstractLoadPlanBasedCollectionInitializer :: Done loading collection
2022-06-20 15:49:37 [http-nio-8082-exec-4] DEBUG o.h.l.c.p.AbstractLoadPlanBasedCollectionInitializer :: Loading collection: [yehor.epam.cinema_final_project_spring.entities.Film.genreList#1]
2022-06-20 15:49:37 [http-nio-8082-exec-4] DEBUG org.hibernate.SQL :: select genrelist0_.film_id as film_id1_0_0_, genrelist0_.genre_id as genre_id2_0_0_, genre1_.id as id1_2_1_, genre1_.genre_name as genre_na2_2_1_ from film_genres genrelist0_ inner join genres genre1_ on genrelist0_.genre_id=genre1_.id where genrelist0_.film_id=?
2022-06-20 15:49:37 [http-nio-8082-exec-4] DEBUG o.h.l.p.e.p.i.ResultSetProcessorImpl :: Preparing collection initializer : [yehor.epam.cinema_final_project_spring.entities.Film.genreList#1]
2022-06-20 15:49:37 [http-nio-8082-exec-4] DEBUG o.h.e.l.i.CollectionLoadContext :: 1 collections were found in result set for role: yehor.epam.cinema_final_project_spring.entities.Film.genreList
2022-06-20 15:49:37 [http-nio-8082-exec-4] DEBUG o.h.e.l.i.CollectionLoadContext :: Collection fully initialized: [yehor.epam.cinema_final_project_spring.entities.Film.genreList#1]
2022-06-20 15:49:37 [http-nio-8082-exec-4] DEBUG o.h.e.l.i.CollectionLoadContext :: 1 collections initialized for role: yehor.epam.cinema_final_project_spring.entities.Film.genreList
2022-06-20 15:49:37 [http-nio-8082-exec-4] DEBUG o.h.l.c.p.AbstractLoadPlanBasedCollectionInitializer :: Done loading collection
2022-06-20 15:49:37 [http-nio-8082-exec-4] DEBUG o.s.orm.jpa.JpaTransactionManager :: Initiating transaction commit
2022-06-20 15:49:37 [http-nio-8082-exec-4] DEBUG o.s.orm.jpa.JpaTransactionManager :: Committing JPA transaction on EntityManager [SessionImpl(1341029464<open>)]
2022-06-20 15:49:37 [http-nio-8082-exec-4] DEBUG o.h.e.t.internal.TransactionImpl :: committing
2022-06-20 15:49:37 [http-nio-8082-exec-4] DEBUG o.s.jdbc.datasource.DataSourceUtils :: Resetting read-only flag of JDBC Connection [HikariProxyConnection@724665908 wrapping com.mysql.cj.jdbc.ConnectionImpl@7a62d697]
2022-06-20 15:49:37 [http-nio-8082-exec-4] DEBUG o.s.orm.jpa.JpaTransactionManager :: Not closing pre-bound JPA EntityManager after transaction
2022-06-20 15:49:37 [http-nio-8082-exec-4] DEBUG o.s.w.s.v.ContentNegotiatingViewResolver :: Selected 'text/html' given [text/html, application/xhtml+xml, image/avif, image/webp, image/apng, application/xml;q=0.9, application/signed-exchange;v=b3;q=0.9, */*;q=0.8]
2022-06-20 15:49:37 [http-nio-8082-exec-4] DEBUG y.e.c.u.c.StringToFilmConverter :: Source in StringToFilmConverter = 1
2022-06-20 15:49:37 [http-nio-8082-exec-4] DEBUG y.e.c.u.c.StringToFilmConverter :: Source in StringToFilmConverter = 2
2022-06-20 15:49:37 [http-nio-8082-exec-4] DEBUG y.e.c.u.c.StringToFilmConverter :: Source in StringToFilmConverter = 3
2022-06-20 15:49:37 [http-nio-8082-exec-4] DEBUG y.e.c.u.c.StringToFilmConverter :: Source in StringToFilmConverter = 4
2022-06-20 15:49:37 [http-nio-8082-exec-4] DEBUG y.e.c.u.c.StringToFilmConverter :: Source in StringToFilmConverter = 10
2022-06-20 15:49:37 [http-nio-8082-exec-4] DEBUG o.s.o.j.s.OpenEntityManagerInViewInterceptor :: Closing JPA EntityManager in OpenEntityManagerInViewInterceptor
2022-06-20 15:49:37 [http-nio-8082-exec-4] DEBUG o.s.web.servlet.DispatcherServlet :: Completed 200 OK
2022-06-20 15:49:37 [http-nio-8082-exec-4] DEBUG o.s.s.w.c.SecurityContextPersistenceFilter :: Cleared SecurityContextHolder to complete request
2022-06-20 15:49:37 [http-nio-8082-exec-2] DEBUG o.s.security.web.FilterChainProxy :: Securing GET /js/bootstrap.min.js
2022-06-20 15:49:37 [http-nio-8082-exec-2] DEBUG o.s.s.w.c.HttpSessionSecurityContextRepository :: Retrieved SecurityContextImpl [Authentication=RememberMeAuthenticationToken [Principal=yehor.epam.cinema_final_project_spring.security.CustomUserDetails@21b396b5, Credentials=[PROTECTED], Authenticated=true, Details=WebAuthenticationDetails [RemoteIpAddress=0:0:0:0:0:0:0:1, SessionId=null], Granted Authorities=[ROLE_ADMIN]]]
2022-06-20 15:49:37 [http-nio-8082-exec-2] DEBUG o.s.s.w.c.SecurityContextPersistenceFilter :: Set SecurityContextHolder to SecurityContextImpl [Authentication=RememberMeAuthenticationToken [Principal=yehor.epam.cinema_final_project_spring.security.CustomUserDetails@21b396b5, Credentials=[PROTECTED], Authenticated=true, Details=WebAuthenticationDetails [RemoteIpAddress=0:0:0:0:0:0:0:1, SessionId=null], Granted Authorities=[ROLE_ADMIN]]]
2022-06-20 15:49:37 [http-nio-8082-exec-2] DEBUG o.s.s.w.a.r.RememberMeAuthenticationFilter :: SecurityContextHolder not populated with remember-me token, as it already contained: 'RememberMeAuthenticationToken [Principal=yehor.epam.cinema_final_project_spring.security.CustomUserDetails@21b396b5, Credentials=[PROTECTED], Authenticated=true, Details=WebAuthenticationDetails [RemoteIpAddress=0:0:0:0:0:0:0:1, SessionId=null], Granted Authorities=[ROLE_ADMIN]]'
2022-06-20 15:49:37 [http-nio-8082-exec-2] DEBUG o.s.s.w.a.i.FilterSecurityInterceptor :: Authorized filter invocation [GET /js/bootstrap.min.js] with attributes [permitAll]
2022-06-20 15:49:37 [http-nio-8082-exec-2] DEBUG o.s.security.web.FilterChainProxy :: Secured GET /js/bootstrap.min.js
2022-06-20 15:49:37 [http-nio-8082-exec-2] DEBUG o.s.web.servlet.DispatcherServlet :: GET "/js/bootstrap.min.js", parameters={}
2022-06-20 15:49:37 [http-nio-8082-exec-2] DEBUG o.s.w.s.h.SimpleUrlHandlerMapping :: Mapped to ResourceHttpRequestHandler [classpath [META-INF/resources/], classpath [resources/], classpath [static/], classpath [public/], ServletContext [/]]
2022-06-20 15:49:37 [http-nio-8082-exec-2] DEBUG o.s.o.j.s.OpenEntityManagerInViewInterceptor :: Opening JPA EntityManager in OpenEntityManagerInViewInterceptor
2022-06-20 15:49:37 [http-nio-8082-exec-2] DEBUG o.s.o.j.s.OpenEntityManagerInViewInterceptor :: Closing JPA EntityManager in OpenEntityManagerInViewInterceptor
2022-06-20 15:49:37 [http-nio-8082-exec-2] DEBUG o.s.web.servlet.DispatcherServlet :: Completed 200 OK
2022-06-20 15:49:37 [http-nio-8082-exec-2] DEBUG o.s.s.w.c.SecurityContextPersistenceFilter :: Cleared SecurityContextHolder to complete request
2022-06-20 15:49:37 [http-nio-8082-exec-3] DEBUG o.s.security.web.FilterChainProxy :: Securing GET /css/bootstrap.min.css
2022-06-20 15:49:37 [http-nio-8082-exec-3] DEBUG o.s.s.w.c.HttpSessionSecurityContextRepository :: Retrieved SecurityContextImpl [Authentication=RememberMeAuthenticationToken [Principal=yehor.epam.cinema_final_project_spring.security.CustomUserDetails@21b396b5, Credentials=[PROTECTED], Authenticated=true, Details=WebAuthenticationDetails [RemoteIpAddress=0:0:0:0:0:0:0:1, SessionId=null], Granted Authorities=[ROLE_ADMIN]]]
2022-06-20 15:49:37 [http-nio-8082-exec-3] DEBUG o.s.s.w.c.SecurityContextPersistenceFilter :: Set SecurityContextHolder to SecurityContextImpl [Authentication=RememberMeAuthenticationToken [Principal=yehor.epam.cinema_final_project_spring.security.CustomUserDetails@21b396b5, Credentials=[PROTECTED], Authenticated=true, Details=WebAuthenticationDetails [RemoteIpAddress=0:0:0:0:0:0:0:1, SessionId=null], Granted Authorities=[ROLE_ADMIN]]]
2022-06-20 15:49:37 [http-nio-8082-exec-3] DEBUG o.s.s.w.a.r.RememberMeAuthenticationFilter :: SecurityContextHolder not populated with remember-me token, as it already contained: 'RememberMeAuthenticationToken [Principal=yehor.epam.cinema_final_project_spring.security.CustomUserDetails@21b396b5, Credentials=[PROTECTED], Authenticated=true, Details=WebAuthenticationDetails [RemoteIpAddress=0:0:0:0:0:0:0:1, SessionId=null], Granted Authorities=[ROLE_ADMIN]]'
2022-06-20 15:49:37 [http-nio-8082-exec-3] DEBUG o.s.s.w.a.i.FilterSecurityInterceptor :: Authorized filter invocation [GET /css/bootstrap.min.css] with attributes [permitAll]
2022-06-20 15:49:37 [http-nio-8082-exec-3] DEBUG o.s.security.web.FilterChainProxy :: Secured GET /css/bootstrap.min.css
2022-06-20 15:49:37 [http-nio-8082-exec-3] DEBUG o.s.web.servlet.DispatcherServlet :: GET "/css/bootstrap.min.css", parameters={}
2022-06-20 15:49:37 [http-nio-8082-exec-3] DEBUG o.s.w.s.h.SimpleUrlHandlerMapping :: Mapped to ResourceHttpRequestHandler [classpath [META-INF/resources/], classpath [resources/], classpath [static/], classpath [public/], ServletContext [/]]
2022-06-20 15:49:37 [http-nio-8082-exec-3] DEBUG o.s.o.j.s.OpenEntityManagerInViewInterceptor :: Opening JPA EntityManager in OpenEntityManagerInViewInterceptor
2022-06-20 15:49:37 [http-nio-8082-exec-5] DEBUG o.s.security.web.FilterChainProxy :: Securing GET /css/my-styles.css
2022-06-20 15:49:37 [http-nio-8082-exec-5] DEBUG o.s.s.w.c.HttpSessionSecurityContextRepository :: Retrieved SecurityContextImpl [Authentication=RememberMeAuthenticationToken [Principal=yehor.epam.cinema_final_project_spring.security.CustomUserDetails@21b396b5, Credentials=[PROTECTED], Authenticated=true, Details=WebAuthenticationDetails [RemoteIpAddress=0:0:0:0:0:0:0:1, SessionId=null], Granted Authorities=[ROLE_ADMIN]]]
2022-06-20 15:49:37 [http-nio-8082-exec-5] DEBUG o.s.s.w.c.SecurityContextPersistenceFilter :: Set SecurityContextHolder to SecurityContextImpl [Authentication=RememberMeAuthenticationToken [Principal=yehor.epam.cinema_final_project_spring.security.CustomUserDetails@21b396b5, Credentials=[PROTECTED], Authenticated=true, Details=WebAuthenticationDetails [RemoteIpAddress=0:0:0:0:0:0:0:1, SessionId=null], Granted Authorities=[ROLE_ADMIN]]]
2022-06-20 15:49:37 [http-nio-8082-exec-5] DEBUG o.s.s.w.a.r.RememberMeAuthenticationFilter :: SecurityContextHolder not populated with remember-me token, as it already contained: 'RememberMeAuthenticationToken [Principal=yehor.epam.cinema_final_project_spring.security.CustomUserDetails@21b396b5, Credentials=[PROTECTED], Authenticated=true, Details=WebAuthenticationDetails [RemoteIpAddress=0:0:0:0:0:0:0:1, SessionId=null], Granted Authorities=[ROLE_ADMIN]]'
2022-06-20 15:49:37 [http-nio-8082-exec-5] DEBUG o.s.s.w.a.i.FilterSecurityInterceptor :: Authorized filter invocation [GET /css/my-styles.css] with attributes [permitAll]
2022-06-20 15:49:37 [http-nio-8082-exec-5] DEBUG o.s.security.web.FilterChainProxy :: Secured GET /css/my-styles.css
2022-06-20 15:49:37 [http-nio-8082-exec-5] DEBUG o.s.web.servlet.DispatcherServlet :: GET "/css/my-styles.css", parameters={}
2022-06-20 15:49:37 [http-nio-8082-exec-5] DEBUG o.s.w.s.h.SimpleUrlHandlerMapping :: Mapped to ResourceHttpRequestHandler [classpath [META-INF/resources/], classpath [resources/], classpath [static/], classpath [public/], ServletContext [/]]
2022-06-20 15:49:37 [http-nio-8082-exec-3] DEBUG o.s.o.j.s.OpenEntityManagerInViewInterceptor :: Closing JPA EntityManager in OpenEntityManagerInViewInterceptor
2022-06-20 15:49:37 [http-nio-8082-exec-5] DEBUG o.s.o.j.s.OpenEntityManagerInViewInterceptor :: Opening JPA EntityManager in OpenEntityManagerInViewInterceptor
2022-06-20 15:49:37 [http-nio-8082-exec-3] DEBUG o.s.web.servlet.DispatcherServlet :: Completed 200 OK
2022-06-20 15:49:37 [http-nio-8082-exec-3] DEBUG o.s.s.w.c.SecurityContextPersistenceFilter :: Cleared SecurityContextHolder to complete request
2022-06-20 15:49:37 [http-nio-8082-exec-5] DEBUG o.s.o.j.s.OpenEntityManagerInViewInterceptor :: Closing JPA EntityManager in OpenEntityManagerInViewInterceptor
2022-06-20 15:49:37 [http-nio-8082-exec-5] DEBUG o.s.web.servlet.DispatcherServlet :: Completed 200 OK
2022-06-20 15:49:37 [http-nio-8082-exec-5] DEBUG o.s.s.w.c.SecurityContextPersistenceFilter :: Cleared SecurityContextHolder to complete request
2022-06-20 15:49:37 [http-nio-8082-exec-6] DEBUG o.s.security.web.FilterChainProxy :: Securing GET /images/site_pattern.png
2022-06-20 15:49:37 [http-nio-8082-exec-6] DEBUG o.s.s.w.c.HttpSessionSecurityContextRepository :: Retrieved SecurityContextImpl [Authentication=RememberMeAuthenticationToken [Principal=yehor.epam.cinema_final_project_spring.security.CustomUserDetails@21b396b5, Credentials=[PROTECTED], Authenticated=true, Details=WebAuthenticationDetails [RemoteIpAddress=0:0:0:0:0:0:0:1, SessionId=null], Granted Authorities=[ROLE_ADMIN]]]
2022-06-20 15:49:37 [http-nio-8082-exec-6] DEBUG o.s.s.w.c.SecurityContextPersistenceFilter :: Set SecurityContextHolder to SecurityContextImpl [Authentication=RememberMeAuthenticationToken [Principal=yehor.epam.cinema_final_project_spring.security.CustomUserDetails@21b396b5, Credentials=[PROTECTED], Authenticated=true, Details=WebAuthenticationDetails [RemoteIpAddress=0:0:0:0:0:0:0:1, SessionId=null], Granted Authorities=[ROLE_ADMIN]]]
2022-06-20 15:49:37 [http-nio-8082-exec-6] DEBUG o.s.s.w.a.r.RememberMeAuthenticationFilter :: SecurityContextHolder not populated with remember-me token, as it already contained: 'RememberMeAuthenticationToken [Principal=yehor.epam.cinema_final_project_spring.security.CustomUserDetails@21b396b5, Credentials=[PROTECTED], Authenticated=true, Details=WebAuthenticationDetails [RemoteIpAddress=0:0:0:0:0:0:0:1, SessionId=null], Granted Authorities=[ROLE_ADMIN]]'
2022-06-20 15:49:37 [http-nio-8082-exec-6] DEBUG o.s.s.w.a.i.FilterSecurityInterceptor :: Authorized filter invocation [GET /images/site_pattern.png] with attributes [permitAll]
2022-06-20 15:49:37 [http-nio-8082-exec-6] DEBUG o.s.security.web.FilterChainProxy :: Secured GET /images/site_pattern.png
2022-06-20 15:49:37 [http-nio-8082-exec-6] DEBUG o.s.web.servlet.DispatcherServlet :: GET "/images/site_pattern.png", parameters={}
2022-06-20 15:49:37 [http-nio-8082-exec-6] DEBUG o.s.w.s.h.SimpleUrlHandlerMapping :: Mapped to ResourceHttpRequestHandler [classpath [META-INF/resources/], classpath [resources/], classpath [static/], classpath [public/], ServletContext [/]]
2022-06-20 15:49:37 [http-nio-8082-exec-6] DEBUG o.s.o.j.s.OpenEntityManagerInViewInterceptor :: Opening JPA EntityManager in OpenEntityManagerInViewInterceptor
2022-06-20 15:49:37 [http-nio-8082-exec-6] DEBUG o.s.o.j.s.OpenEntityManagerInViewInterceptor :: Closing JPA EntityManager in OpenEntityManagerInViewInterceptor
2022-06-20 15:49:37 [http-nio-8082-exec-6] DEBUG o.s.web.servlet.DispatcherServlet :: Completed 200 OK
2022-06-20 15:49:37 [http-nio-8082-exec-6] DEBUG o.s.s.w.c.SecurityContextPersistenceFilter :: Cleared SecurityContextHolder to complete request
2022-06-20 15:49:37 [http-nio-8082-exec-8] DEBUG o.s.security.web.FilterChainProxy :: Securing GET /images/favicon.ico
2022-06-20 15:49:37 [http-nio-8082-exec-8] DEBUG o.s.s.w.c.HttpSessionSecurityContextRepository :: Retrieved SecurityContextImpl [Authentication=RememberMeAuthenticationToken [Principal=yehor.epam.cinema_final_project_spring.security.CustomUserDetails@21b396b5, Credentials=[PROTECTED], Authenticated=true, Details=WebAuthenticationDetails [RemoteIpAddress=0:0:0:0:0:0:0:1, SessionId=null], Granted Authorities=[ROLE_ADMIN]]]
2022-06-20 15:49:37 [http-nio-8082-exec-8] DEBUG o.s.s.w.c.SecurityContextPersistenceFilter :: Set SecurityContextHolder to SecurityContextImpl [Authentication=RememberMeAuthenticationToken [Principal=yehor.epam.cinema_final_project_spring.security.CustomUserDetails@21b396b5, Credentials=[PROTECTED], Authenticated=true, Details=WebAuthenticationDetails [RemoteIpAddress=0:0:0:0:0:0:0:1, SessionId=null], Granted Authorities=[ROLE_ADMIN]]]
2022-06-20 15:49:37 [http-nio-8082-exec-8] DEBUG o.s.s.w.a.r.RememberMeAuthenticationFilter :: SecurityContextHolder not populated with remember-me token, as it already contained: 'RememberMeAuthenticationToken [Principal=yehor.epam.cinema_final_project_spring.security.CustomUserDetails@21b396b5, Credentials=[PROTECTED], Authenticated=true, Details=WebAuthenticationDetails [RemoteIpAddress=0:0:0:0:0:0:0:1, SessionId=null], Granted Authorities=[ROLE_ADMIN]]'
2022-06-20 15:49:37 [http-nio-8082-exec-8] DEBUG o.s.s.w.a.i.FilterSecurityInterceptor :: Authorized filter invocation [GET /images/favicon.ico] with attributes [permitAll]
2022-06-20 15:49:37 [http-nio-8082-exec-8] DEBUG o.s.security.web.FilterChainProxy :: Secured GET /images/favicon.ico
2022-06-20 15:49:37 [http-nio-8082-exec-8] DEBUG o.s.web.servlet.DispatcherServlet :: GET "/images/favicon.ico", parameters={}
2022-06-20 15:49:37 [http-nio-8082-exec-8] DEBUG o.s.w.s.h.SimpleUrlHandlerMapping :: Mapped to ResourceHttpRequestHandler [classpath [META-INF/resources/], classpath [resources/], classpath [static/], classpath [public/], ServletContext [/]]
2022-06-20 15:49:37 [http-nio-8082-exec-8] DEBUG o.s.o.j.s.OpenEntityManagerInViewInterceptor :: Opening JPA EntityManager in OpenEntityManagerInViewInterceptor
2022-06-20 15:49:37 [http-nio-8082-exec-8] DEBUG o.s.o.j.s.OpenEntityManagerInViewInterceptor :: Closing JPA EntityManager in OpenEntityManagerInViewInterceptor
2022-06-20 15:49:37 [http-nio-8082-exec-8] DEBUG o.s.web.servlet.DispatcherServlet :: Completed 200 OK
2022-06-20 15:49:37 [http-nio-8082-exec-8] DEBUG o.s.s.w.c.SecurityContextPersistenceFilter :: Cleared SecurityContextHolder to complete request
2022-06-20 15:49:37 [http-nio-8082-exec-7] DEBUG o.s.security.web.FilterChainProxy :: Securing GET /images/favicon.ico
2022-06-20 15:49:37 [http-nio-8082-exec-7] DEBUG o.s.s.w.c.HttpSessionSecurityContextRepository :: Retrieved SecurityContextImpl [Authentication=RememberMeAuthenticationToken [Principal=yehor.epam.cinema_final_project_spring.security.CustomUserDetails@21b396b5, Credentials=[PROTECTED], Authenticated=true, Details=WebAuthenticationDetails [RemoteIpAddress=0:0:0:0:0:0:0:1, SessionId=null], Granted Authorities=[ROLE_ADMIN]]]
2022-06-20 15:49:37 [http-nio-8082-exec-7] DEBUG o.s.s.w.c.SecurityContextPersistenceFilter :: Set SecurityContextHolder to SecurityContextImpl [Authentication=RememberMeAuthenticationToken [Principal=yehor.epam.cinema_final_project_spring.security.CustomUserDetails@21b396b5, Credentials=[PROTECTED], Authenticated=true, Details=WebAuthenticationDetails [RemoteIpAddress=0:0:0:0:0:0:0:1, SessionId=null], Granted Authorities=[ROLE_ADMIN]]]
2022-06-20 15:49:37 [http-nio-8082-exec-7] DEBUG o.s.s.w.a.r.RememberMeAuthenticationFilter :: SecurityContextHolder not populated with remember-me token, as it already contained: 'RememberMeAuthenticationToken [Principal=yehor.epam.cinema_final_project_spring.security.CustomUserDetails@21b396b5, Credentials=[PROTECTED], Authenticated=true, Details=WebAuthenticationDetails [RemoteIpAddress=0:0:0:0:0:0:0:1, SessionId=null], Granted Authorities=[ROLE_ADMIN]]'
2022-06-20 15:49:37 [http-nio-8082-exec-7] DEBUG o.s.s.w.a.i.FilterSecurityInterceptor :: Authorized filter invocation [GET /images/favicon.ico] with attributes [permitAll]
2022-06-20 15:49:37 [http-nio-8082-exec-7] DEBUG o.s.security.web.FilterChainProxy :: Secured GET /images/favicon.ico
2022-06-20 15:49:37 [http-nio-8082-exec-7] DEBUG o.s.web.servlet.DispatcherServlet :: GET "/images/favicon.ico", parameters={}
2022-06-20 15:49:37 [http-nio-8082-exec-7] DEBUG o.s.w.s.h.SimpleUrlHandlerMapping :: Mapped to ResourceHttpRequestHandler [classpath [META-INF/resources/], classpath [resources/], classpath [static/], classpath [public/], ServletContext [/]]
2022-06-20 15:49:37 [http-nio-8082-exec-7] DEBUG o.s.o.j.s.OpenEntityManagerInViewInterceptor :: Opening JPA EntityManager in OpenEntityManagerInViewInterceptor
2022-06-20 15:49:37 [http-nio-8082-exec-7] DEBUG o.s.o.j.s.OpenEntityManagerInViewInterceptor :: Closing JPA EntityManager in OpenEntityManagerInViewInterceptor
2022-06-20 15:49:37 [http-nio-8082-exec-7] DEBUG o.s.web.servlet.DispatcherServlet :: Completed 200 OK
2022-06-20 15:49:37 [http-nio-8082-exec-7] DEBUG o.s.s.w.c.SecurityContextPersistenceFilter :: Cleared SecurityContextHolder to complete request
2022-06-20 15:49:38 [http-nio-8082-exec-1] DEBUG o.s.security.web.FilterChainProxy :: Securing GET /images/favicon.ico
2022-06-20 15:49:38 [http-nio-8082-exec-1] DEBUG o.s.s.w.c.HttpSessionSecurityContextRepository :: Retrieved SecurityContextImpl [Authentication=RememberMeAuthenticationToken [Principal=yehor.epam.cinema_final_project_spring.security.CustomUserDetails@21b396b5, Credentials=[PROTECTED], Authenticated=true, Details=WebAuthenticationDetails [RemoteIpAddress=0:0:0:0:0:0:0:1, SessionId=null], Granted Authorities=[ROLE_ADMIN]]]
2022-06-20 15:49:38 [http-nio-8082-exec-1] DEBUG o.s.s.w.c.SecurityContextPersistenceFilter :: Set SecurityContextHolder to SecurityContextImpl [Authentication=RememberMeAuthenticationToken [Principal=yehor.epam.cinema_final_project_spring.security.CustomUserDetails@21b396b5, Credentials=[PROTECTED], Authenticated=true, Details=WebAuthenticationDetails [RemoteIpAddress=0:0:0:0:0:0:0:1, SessionId=null], Granted Authorities=[ROLE_ADMIN]]]
2022-06-20 15:49:38 [http-nio-8082-exec-1] DEBUG o.s.s.w.a.r.RememberMeAuthenticationFilter :: SecurityContextHolder not populated with remember-me token, as it already contained: 'RememberMeAuthenticationToken [Principal=yehor.epam.cinema_final_project_spring.security.CustomUserDetails@21b396b5, Credentials=[PROTECTED], Authenticated=true, Details=WebAuthenticationDetails [RemoteIpAddress=0:0:0:0:0:0:0:1, SessionId=null], Granted Authorities=[ROLE_ADMIN]]'
2022-06-20 15:49:38 [http-nio-8082-exec-1] DEBUG o.s.s.w.a.i.FilterSecurityInterceptor :: Authorized filter invocation [GET /images/favicon.ico] with attributes [permitAll]
2022-06-20 15:49:38 [http-nio-8082-exec-1] DEBUG o.s.security.web.FilterChainProxy :: Secured GET /images/favicon.ico
2022-06-20 15:49:38 [http-nio-8082-exec-1] DEBUG o.s.web.servlet.DispatcherServlet :: GET "/images/favicon.ico", parameters={}
2022-06-20 15:49:38 [http-nio-8082-exec-1] DEBUG o.s.w.s.h.SimpleUrlHandlerMapping :: Mapped to ResourceHttpRequestHandler [classpath [META-INF/resources/], classpath [resources/], classpath [static/], classpath [public/], ServletContext [/]]
2022-06-20 15:49:38 [http-nio-8082-exec-1] DEBUG o.s.o.j.s.OpenEntityManagerInViewInterceptor :: Opening JPA EntityManager in OpenEntityManagerInViewInterceptor
2022-06-20 15:49:38 [http-nio-8082-exec-1] DEBUG o.s.o.j.s.OpenEntityManagerInViewInterceptor :: Closing JPA EntityManager in OpenEntityManagerInViewInterceptor
2022-06-20 15:49:38 [http-nio-8082-exec-1] DEBUG o.s.web.servlet.DispatcherServlet :: Completed 200 OK
2022-06-20 15:49:38 [http-nio-8082-exec-1] DEBUG o.s.s.w.c.SecurityContextPersistenceFilter :: Cleared SecurityContextHolder to complete request
2022-06-20 15:49:42 [HikariPool-1 housekeeper] DEBUG com.zaxxer.hikari.pool.HikariPool :: HikariPool-1 - Pool stats (total=10, active=0, idle=10, waiting=0)
2022-06-20 15:49:42 [HikariPool-1 housekeeper] DEBUG com.zaxxer.hikari.pool.HikariPool :: HikariPool-1 - Fill pool skipped, pool is at sufficient level.
2022-06-20 15:50:12 [HikariPool-1 housekeeper] DEBUG com.zaxxer.hikari.pool.HikariPool :: HikariPool-1 - Pool stats (total=10, active=0, idle=10, waiting=0)
2022-06-20 15:50:12 [HikariPool-1 housekeeper] DEBUG com.zaxxer.hikari.pool.HikariPool :: HikariPool-1 - Fill pool skipped, pool is at sufficient level.
2022-06-20 15:50:42 [HikariPool-1 housekeeper] DEBUG com.zaxxer.hikari.pool.HikariPool :: HikariPool-1 - Pool stats (total=10, active=0, idle=10, waiting=0)
2022-06-20 15:50:42 [HikariPool-1 housekeeper] DEBUG com.zaxxer.hikari.pool.HikariPool :: HikariPool-1 - Fill pool skipped, pool is at sufficient level.
2022-06-20 15:51:12 [HikariPool-1 housekeeper] DEBUG com.zaxxer.hikari.pool.HikariPool :: HikariPool-1 - Pool stats (total=10, active=0, idle=10, waiting=0)
2022-06-20 15:51:12 [HikariPool-1 housekeeper] DEBUG com.zaxxer.hikari.pool.HikariPool :: HikariPool-1 - Fill pool skipped, pool is at sufficient level.
2022-06-20 15:51:42 [HikariPool-1 housekeeper] DEBUG com.zaxxer.hikari.pool.HikariPool :: HikariPool-1 - Pool stats (total=10, active=0, idle=10, waiting=0)
2022-06-20 15:51:42 [HikariPool-1 housekeeper] DEBUG com.zaxxer.hikari.pool.HikariPool :: HikariPool-1 - Fill pool skipped, pool is at sufficient level.
2022-06-20 15:52:12 [HikariPool-1 housekeeper] DEBUG com.zaxxer.hikari.pool.HikariPool :: HikariPool-1 - Pool stats (total=10, active=0, idle=10, waiting=0)
2022-06-20 15:52:12 [HikariPool-1 housekeeper] DEBUG com.zaxxer.hikari.pool.HikariPool :: HikariPool-1 - Fill pool skipped, pool is at sufficient level.
2022-06-20 15:52:42 [HikariPool-1 housekeeper] DEBUG com.zaxxer.hikari.pool.HikariPool :: HikariPool-1 - Pool stats (total=10, active=0, idle=10, waiting=0)
2022-06-20 15:52:42 [HikariPool-1 housekeeper] DEBUG com.zaxxer.hikari.pool.HikariPool :: HikariPool-1 - Fill pool skipped, pool is at sufficient level.
2022-06-20 15:53:12 [HikariPool-1 housekeeper] DEBUG com.zaxxer.hikari.pool.HikariPool :: HikariPool-1 - Pool stats (total=10, active=0, idle=10, waiting=0)
2022-06-20 15:53:12 [HikariPool-1 housekeeper] DEBUG com.zaxxer.hikari.pool.HikariPool :: HikariPool-1 - Fill pool skipped, pool is at sufficient level.
2022-06-20 15:53:42 [HikariPool-1 housekeeper] DEBUG com.zaxxer.hikari.pool.HikariPool :: HikariPool-1 - Pool stats (total=10, active=0, idle=10, waiting=0)
2022-06-20 15:53:42 [HikariPool-1 housekeeper] DEBUG com.zaxxer.hikari.pool.HikariPool :: HikariPool-1 - Fill pool skipped, pool is at sufficient level.
2022-06-20 15:54:12 [HikariPool-1 housekeeper] DEBUG com.zaxxer.hikari.pool.HikariPool :: HikariPool-1 - Pool stats (total=10, active=0, idle=10, waiting=0)
2022-06-20 15:54:12 [HikariPool-1 housekeeper] DEBUG com.zaxxer.hikari.pool.HikariPool :: HikariPool-1 - Fill pool skipped, pool is at sufficient level.
2022-06-20 15:54:42 [HikariPool-1 housekeeper] DEBUG com.zaxxer.hikari.pool.HikariPool :: HikariPool-1 - Pool stats (total=10, active=0, idle=10, waiting=0)
2022-06-20 15:54:42 [HikariPool-1 housekeeper] DEBUG com.zaxxer.hikari.pool.HikariPool :: HikariPool-1 - Fill pool skipped, pool is at sufficient level.
2022-06-20 15:55:12 [HikariPool-1 housekeeper] DEBUG com.zaxxer.hikari.pool.HikariPool :: HikariPool-1 - Pool stats (total=10, active=0, idle=10, waiting=0)
2022-06-20 15:55:12 [HikariPool-1 housekeeper] DEBUG com.zaxxer.hikari.pool.HikariPool :: HikariPool-1 - Fill pool skipped, pool is at sufficient level.
2022-06-20 15:55:42 [HikariPool-1 housekeeper] DEBUG com.zaxxer.hikari.pool.HikariPool :: HikariPool-1 - Pool stats (total=10, active=0, idle=10, waiting=0)
2022-06-20 15:55:42 [HikariPool-1 housekeeper] DEBUG com.zaxxer.hikari.pool.HikariPool :: HikariPool-1 - Fill pool skipped, pool is at sufficient level.
2022-06-20 15:56:12 [HikariPool-1 housekeeper] DEBUG com.zaxxer.hikari.pool.HikariPool :: HikariPool-1 - Pool stats (total=10, active=0, idle=10, waiting=0)
2022-06-20 15:56:12 [HikariPool-1 housekeeper] DEBUG com.zaxxer.hikari.pool.HikariPool :: HikariPool-1 - Fill pool skipped, pool is at sufficient level.
2022-06-20 15:56:42 [HikariPool-1 housekeeper] DEBUG com.zaxxer.hikari.pool.HikariPool :: HikariPool-1 - Pool stats (total=10, active=0, idle=10, waiting=0)
2022-06-20 15:56:42 [HikariPool-1 housekeeper] DEBUG com.zaxxer.hikari.pool.HikariPool :: HikariPool-1 - Fill pool skipped, pool is at sufficient level.
2022-06-20 15:56:53 [SpringApplicationShutdownHook] DEBUG o.s.b.a.ApplicationAvailabilityBean :: Application availability state ReadinessState changed from ACCEPTING_TRAFFIC to REFUSING_TRAFFIC
2022-06-20 15:56:53 [SpringApplicationShutdownHook] DEBUG o.s.b.w.s.c.AnnotationConfigServletWebServerApplicationContext :: Closing org.springframework.boot.web.servlet.context.AnnotationConfigServletWebServerApplicationContext@52066604, started on Mon Jun 20 15:49:09 EEST 2022
2022-06-20 15:56:53 [SpringApplicationShutdownHook] DEBUG o.s.b.c.p.s.ConfigurationPropertySourcesPropertyResolver$DefaultResolver :: Found key 'spring.liveBeansView.mbeanDomain' in PropertySource 'systemProperties' with value of type String
